SF:lib/core/constants/app_constants.dart
DA:8,4
LF:1
LH:1
end_of_record
SF:lib/core/enums/path_enum.dart
DA:9,1
DA:10,2
DA:13,1
DA:14,2
LF:4
LH:4
end_of_record
SF:lib/blocs/movie_details_bloc/movie_details_event.dart
DA:5,2
DA:11,2
LF:2
LH:2
end_of_record
SF:lib/blocs/movie_details_bloc/movie_details_bloc.dart
DA:14,1
DA:16,2
DA:17,2
DA:20,1
DA:24,1
DA:25,3
DA:26,3
DA:28,2
DA:29,1
DA:30,2
DA:32,3
DA:35,1
DA:36,3
LF:13
LH:13
end_of_record
SF:lib/blocs/movie_details_bloc/movie_details_state.dart
DA:6,3
DA:11,2
DA:12,7
DA:14,1
DA:18,1
DA:19,1
DA:20,0
LF:7
LH:6
end_of_record
SF:lib/core/base/base_state.dart
DA:7,9
LF:1
LH:1
end_of_record
SF:lib/models/movie_details_model.dart
DA:9,2
DA:19,0
DA:21,0
DA:22,0
DA:23,0
DA:24,0
DA:25,0
DA:26,0
DA:27,0
DA:30,0
DA:31,0
DA:32,0
DA:33,0
DA:37,1
DA:38,1
DA:39,1
DA:40,1
DA:41,1
DA:42,1
DA:43,1
DA:44,1
DA:45,1
DA:49,0
DA:56,0
DA:58,0
DA:59,0
DA:60,0
LF:27
LH:10
end_of_record
SF:lib/services/tmdb_movie_details_service/tmdb_movie_details_service.dart
DA:9,0
DA:11,0
DA:12,0
DA:13,0
LF:4
LH:0
end_of_record
SF:lib/core/enums/dimension_enum.dart
DA:17,2
DA:18,8
DA:21,0
DA:22,0
LF:4
LH:2
end_of_record
SF:lib/core/enums/duration_enum.dart
DA:10,1
DA:11,2
LF:2
LH:2
end_of_record
SF:lib/core/enums/padding_enum.dart
DA:12,0
DA:13,0
LF:2
LH:0
end_of_record
SF:lib/core/extensions/context_extensions.dart
DA:5,0
DA:6,0
DA:7,0
DA:9,0
LF:4
LH:0
end_of_record
SF:lib/core/extensions/scroll_controller_extensions.dart
DA:4,0
DA:5,0
DA:8,0
DA:9,0
DA:10,0
DA:11,0
DA:12,0
LF:7
LH:0
end_of_record
SF:lib/core/managers/navigator/app_navigator.dart
DA:4,1
DA:5,3
DA:6,2
DA:10,2
DA:12,1
DA:13,3
DA:14,1
DA:15,1
DA:20,0
DA:21,0
LF:10
LH:8
end_of_record
SF:lib/core/managers/network/interceptors/api_key_intercepter.dart
DA:6,0
DA:8,0
DA:9,0
LF:3
LH:0
end_of_record
SF:lib/core/managers/network/interceptors/app_log_interceptor.dart
DA:6,0
DA:8,0
DA:9,0
DA:10,0
DA:11,0
DA:14,0
DA:16,0
DA:17,0
DA:18,0
DA:21,0
DA:23,0
DA:24,0
LF:12
LH:0
end_of_record
SF:lib/core/managers/network/models/error.dart
DA:5,2
DA:12,2
LF:2
LH:2
end_of_record
SF:lib/core/managers/network/models/response.dart
DA:9,4
DA:14,2
DA:18,2
DA:19,4
DA:21,4
DA:27,4
LF:6
LH:6
end_of_record
SF:lib/core/managers/network/network_service.dart
DA:12,0
DA:13,0
DA:19,0
DA:20,0
DA:21,0
DA:22,0
DA:23,0
DA:24,0
DA:25,0
DA:30,0
DA:35,0
DA:41,0
DA:42,0
DA:43,0
DA:44,0
DA:46,0
DA:49,0
LF:17
LH:0
end_of_record
SF:lib/core/utils/debouncer_mixin.dart
DA:8,0
DA:9,0
DA:10,0
DA:11,0
DA:14,0
DA:15,0
LF:6
LH:0
end_of_record
SF:lib/core/utils/event_transformer_utils.dart
DA:7,1
DA:8,1
DA:9,4
LF:3
LH:3
end_of_record
SF:lib/core/utils/logger.dart
DA:6,0
DA:8,0
DA:11,0
DA:13,0
DA:16,0
DA:18,0
LF:6
LH:0
end_of_record
SF:lib/core/utils/view_state_widget.dart
DA:12,1
DA:20,1
DA:22,1
DA:24,3
DA:25,1
DA:26,3
DA:27,1
DA:28,3
DA:29,1
DA:30,3
DA:31,1
DA:32,1
DA:33,1
LF:13
LH:13
end_of_record
SF:lib/models/movie_model.dart
DA:10,2
DA:17,0
DA:18,0
DA:19,0
DA:20,0
DA:21,0
DA:22,0
DA:26,0
DA:28,0
DA:29,0
DA:30,0
DA:31,0
LF:12
LH:1
end_of_record
SF:lib/services/tmdb_search_movies_service/tmdb_search_movies_service.dart
DA:12,0
DA:17,0
DA:19,0
DA:20,0
DA:22,0
LF:5
LH:0
end_of_record
SF:lib/models/search_movies_response_model.dart
DA:10,2
DA:12,0
DA:14,0
DA:15,0
DA:16,0
DA:17,0
DA:18,0
DA:21,0
DA:22,0
LF:9
LH:1
end_of_record
SF:lib/blocs/search_movies_bloc/search_movies_event.dart
DA:5,2
DA:7,0
DA:8,0
DA:13,2
DA:17,1
LF:5
LH:3
end_of_record
SF:lib/blocs/search_movies_bloc/search_movies_state.dart
DA:11,6
DA:20,2
DA:21,12
DA:23,1
DA:31,1
DA:32,1
DA:33,1
DA:34,1
DA:35,1
DA:36,1
DA:37,0
LF:11
LH:10
end_of_record
SF:lib/blocs/search_movies_bloc/search_movies_bloc.dart
DA:18,1
DA:20,1
DA:21,2
DA:22,3
DA:25,1
DA:26,4
DA:27,2
DA:28,2
DA:29,2
DA:32,2
DA:33,1
DA:34,1
DA:35,1
DA:39,0
DA:40,0
DA:41,0
DA:42,0
DA:43,0
DA:44,0
DA:47,0
DA:48,0
DA:49,0
DA:50,0
LF:23
LH:13
end_of_record
SF:lib/blocs/search_movies_bloc/search_movies_emitter.dart
DA:7,1
DA:12,1
DA:13,2
DA:14,2
DA:16,1
DA:17,3
DA:18,1
DA:19,1
DA:24,1
DA:25,4
DA:28,1
DA:29,1
DA:30,1
DA:37,1
DA:39,1
DA:41,1
DA:46,0
DA:48,0
DA:50,0
LF:19
LH:16
end_of_record
SF:lib/desing_system/atoms/indicator.dart
DA:6,1
DA:8,1
DA:10,1
DA:11,1
DA:12,1
LF:5
LH:5
end_of_record
SF:lib/desing_system/atoms/tmdb_image.dart
DA:7,1
DA:9,1
DA:11,1
DA:12,1
DA:13,1
DA:14,1
DA:15,2
DA:17,1
DA:23,1
DA:30,1
DA:31,1
DA:36,1
DA:38,1
DA:40,1
DA:41,1
DA:43,1
DA:44,1
LF:17
LH:17
end_of_record
